This is XeTeX, Version 3.141592653-2.6-0.999994 (MiKTeX 22.7) (preloaded format=xelatex 2022.12.15)  15 DEC 2022 02:56
entering extended mode
 restricted \write18 enabled.
 %&-line parsing enabled.
**./EEHorizon_2sigma.tex
(EEHorizon_2sigma.tex
LaTeX2e <2022-06-01> patch level 5
L3 programming layer <2022-07-04>
(C:\Users\Siyu Wang\AppData\Local\Programs\MiKTeX\tex/latex/base\article.cls
Document Class: article 2021/10/04 v1.4n Standard LaTeX document class
(C:\Users\Siyu Wang\AppData\Local\Programs\MiKTeX\tex/latex/base\size12.clo
File: size12.clo 2021/10/04 v1.4n Standard LaTeX file (size option)
)
\c@part=\count181
\c@section=\count182
\c@subsection=\count183
\c@subsubsection=\count184
\c@paragraph=\count185
\c@subparagraph=\count186
\c@figure=\count187
\c@table=\count188
\abovecaptionskip=\skip47
\belowcaptionskip=\skip48
\bibindent=\dimen138
)
(C:\Users\Siyu Wang\AppData\Local\Programs\MiKTeX\tex/latex/pstricks\pst-all.st
y
Package: pst-all 2008/01/01 the main pstricks tools

(C:\Users\Siyu Wang\AppData\Local\Programs\MiKTeX\tex/latex/pstricks\pstricks.s
ty
Package: pstricks 2022/19/23 v0.72 LaTeX wrapper for `PSTricks' (RN,HV)

(C:\Users\Siyu Wang\AppData\Local\Programs\MiKTeX\tex/generic/iftex\iftex.sty
Package: iftex 2022/02/03 v1.0f TeX engine tests
)
(C:\Users\Siyu Wang\AppData\Local\Programs\MiKTeX\tex/latex/xcolor\xcolor.sty
Package: xcolor 2022/06/12 v2.14 LaTeX color extensions (UK)

(C:\Users\Siyu Wang\AppData\Local\Programs\MiKTeX\tex/latex/graphics-cfg\color.
cfg
File: color.cfg 2016/01/02 v1.6 sample color configuration
)
Package xcolor Info: Driver file: xetex.def on input line 227.

(C:\Users\Siyu Wang\AppData\Local\Programs\MiKTeX\tex/latex/graphics-def\xetex.
def
File: xetex.def 2022/04/16 v5.0m Graphics/color driver for xetex
)
(C:\Users\Siyu Wang\AppData\Local\Programs\MiKTeX\tex/latex-dev/graphics\mathco
lor.ltx)
Package xcolor Info: Model `cmy' substituted by `cmy0' on input line 1353.
Package xcolor Info: Model `RGB' extended on input line 1369.
Package xcolor Info: Model `HTML' substituted by `rgb' on input line 1371.
Package xcolor Info: Model `Hsb' substituted by `hsb' on input line 1372.
Package xcolor Info: Model `tHsb' substituted by `hsb' on input line 1373.
Package xcolor Info: Model `HSB' substituted by `hsb' on input line 1374.
Package xcolor Info: Model `Gray' substituted by `gray' on input line 1375.
Package xcolor Info: Model `wave' substituted by `hsb' on input line 1376.
)
(C:\Users\Siyu Wang\AppData\Local\Programs\MiKTeX\tex/generic/xkeyval\pst-xkey.
tex
File: pst-xkey.tex 2005/11/25 v1.6 PSTricks specialization of xkeyval (HA)

(C:\Users\Siyu Wang\AppData\Local\Programs\MiKTeX\tex/latex/xkeyval\xkeyval.sty
Package: xkeyval 2022/06/16 v2.9 package option processing (HA)

(C:\Users\Siyu Wang\AppData\Local\Programs\MiKTeX\tex/generic/xkeyval\xkeyval.t
ex
(C:\Users\Siyu Wang\AppData\Local\Programs\MiKTeX\tex/generic/xkeyval\xkvutils.
tex
\XKV@toks=\toks16
\XKV@tempa@toks=\toks17

(C:\Users\Siyu Wang\AppData\Local\Programs\MiKTeX\tex/generic/xkeyval\keyval.te
x))
\XKV@depth=\count189
File: xkeyval.tex 2014/12/03 v2.7a key=value parser (HA)
)))
(C:\Users\Siyu Wang\AppData\Local\Programs\MiKTeX\tex/generic/pstricks\pstricks
.tex
(C:\Users\Siyu Wang\AppData\Local\Programs\MiKTeX\tex/generic/pstricks\pst-fp.t
ex `pst-fp' v0.06, 2020/11/20 (hv)
\pstFP@xs=\count190
\pstFP@xia=\count191
\pstFP@xib=\count192
\pstFP@xfa=\count193
\pstFP@xfb=\count194
\pstFP@rega=\count195
\pstFP@regb=\count196
\pstFP@regs=\count197
\pstFP@times=\count198
)
(C:\Users\Siyu Wang\AppData\Local\Programs\MiKTeX\tex/latex/pgf/utilities\pgffo
r.sty
(C:\Users\Siyu Wang\AppData\Local\Programs\MiKTeX\tex/latex/pgf/utilities\pgfrc
s.sty
(C:\Users\Siyu Wang\AppData\Local\Programs\MiKTeX\tex/generic/pgf/utilities\pgf
util-common.tex
\pgfutil@everybye=\toks18
\pgfutil@tempdima=\dimen139
\pgfutil@tempdimb=\dimen140

(C:\Users\Siyu Wang\AppData\Local\Programs\MiKTeX\tex/generic/pgf/utilities\pgf
util-common-lists.tex))
(C:\Users\Siyu Wang\AppData\Local\Programs\MiKTeX\tex/generic/pgf/utilities\pgf
util-latex.def
\pgfutil@abb=\box51
)
(C:\Users\Siyu Wang\AppData\Local\Programs\MiKTeX\tex/generic/pgf/utilities\pgf
rcs.code.tex
(C:\Users\Siyu Wang\AppData\Local\Programs\MiKTeX\tex/generic/pgf\pgf.revision.
tex)
Package: pgfrcs 2021/05/15 v3.1.9a (3.1.9a)
))
(C:\Users\Siyu Wang\AppData\Local\Programs\MiKTeX\tex/latex/pgf/utilities\pgfke
ys.sty
(C:\Users\Siyu Wang\AppData\Local\Programs\MiKTeX\tex/generic/pgf/utilities\pgf
keys.code.tex
\pgfkeys@pathtoks=\toks19
\pgfkeys@temptoks=\toks20

(C:\Users\Siyu Wang\AppData\Local\Programs\MiKTeX\tex/generic/pgf/utilities\pgf
keysfiltered.code.tex
\pgfkeys@tmptoks=\toks21
)))
(C:\Users\Siyu Wang\AppData\Local\Programs\MiKTeX\tex/latex/pgf/math\pgfmath.st
y
(C:\Users\Siyu Wang\AppData\Local\Programs\MiKTeX\tex/generic/pgf/math\pgfmath.
code.tex
(C:\Users\Siyu Wang\AppData\Local\Programs\MiKTeX\tex/generic/pgf/math\pgfmathc
alc.code.tex
(C:\Users\Siyu Wang\AppData\Local\Programs\MiKTeX\tex/generic/pgf/math\pgfmathu
til.code.tex
\pgf@x=\dimen141
\pgf@xa=\dimen142
\pgf@xb=\dimen143
\pgf@xc=\dimen144
\pgf@y=\dimen145
\pgf@ya=\dimen146
\pgf@yb=\dimen147
\pgf@yc=\dimen148
\c@pgf@counta=\count199
\c@pgf@countb=\count266
\c@pgf@countc=\count267
\c@pgf@countd=\count268
)
(C:\Users\Siyu Wang\AppData\Local\Programs\MiKTeX\tex/generic/pgf/math\pgfmathp
arser.code.tex
\pgfmath@dimen=\dimen149
\pgfmath@count=\count269
\pgfmath@box=\box52
\pgfmath@toks=\toks22
\pgfmath@stack@operand=\toks23
\pgfmath@stack@operation=\toks24
)
(C:\Users\Siyu Wang\AppData\Local\Programs\MiKTeX\tex/generic/pgf/math\pgfmathf
unctions.code.tex
(C:\Users\Siyu Wang\AppData\Local\Programs\MiKTeX\tex/generic/pgf/math\pgfmathf
unctions.basic.code.tex)
(C:\Users\Siyu Wang\AppData\Local\Programs\MiKTeX\tex/generic/pgf/math\pgfmathf
unctions.trigonometric.code.tex)
(C:\Users\Siyu Wang\AppData\Local\Programs\MiKTeX\tex/generic/pgf/math\pgfmathf
unctions.random.code.tex)
(C:\Users\Siyu Wang\AppData\Local\Programs\MiKTeX\tex/generic/pgf/math\pgfmathf
unctions.comparison.code.tex)
(C:\Users\Siyu Wang\AppData\Local\Programs\MiKTeX\tex/generic/pgf/math\pgfmathf
unctions.base.code.tex)
(C:\Users\Siyu Wang\AppData\Local\Programs\MiKTeX\tex/generic/pgf/math\pgfmathf
unctions.round.code.tex)
(C:\Users\Siyu Wang\AppData\Local\Programs\MiKTeX\tex/generic/pgf/math\pgfmathf
unctions.misc.code.tex)
(C:\Users\Siyu Wang\AppData\Local\Programs\MiKTeX\tex/generic/pgf/math\pgfmathf
unctions.integerarithmetics.code.tex)))
(C:\Users\Siyu Wang\AppData\Local\Programs\MiKTeX\tex/generic/pgf/math\pgfmathf
loat.code.tex
\c@pgfmathroundto@lastzeros=\count270
)))
(C:\Users\Siyu Wang\AppData\Local\Programs\MiKTeX\tex/generic/pgf/utilities\pgf
for.code.tex
Package: pgffor 2021/05/15 v3.1.9a (3.1.9a)

(C:\Users\Siyu Wang\AppData\Local\Programs\MiKTeX\tex/generic/pgf/math\pgfmath.
code.tex)
\pgffor@iter=\dimen150
\pgffor@skip=\dimen151
\pgffor@stack=\toks25
\pgffor@toks=\toks26
))
\psLoopIndex=\count271

`PSTricks' v3.18  <2022/11/28> (tvz,hv)
\pst@dima=\dimen152
\pst@dimb=\dimen153
\pst@dimc=\dimen154
\pst@dimd=\dimen155
\pst@dimg=\dimen156
\pst@dimh=\dimen157
\pst@dimm=\dimen158
\pst@dimn=\dimen159
\pst@dimo=\dimen160
\pst@dimp=\dimen161
\pst@hbox=\box53
\pst@ibox=\box54
\pst@boxg=\box55
\pst@cnta=\count272
\pst@cntb=\count273
\pst@cntc=\count274
\pst@cntd=\count275
\pst@cntg=\count276
\pst@cnth=\count277
\pst@cntm=\count278
\pst@cntn=\count279
\pst@cnto=\count280
\pst@cntp=\count281
\@zero=\count282
\pst@toks=\toks27
--- We are running latex or xelatex ---

(C:\Users\Siyu Wang\AppData\Local\Programs\MiKTeX\tex/xelatex/xetex-pstricks\ps
tricks.con
(C:\Users\Siyu Wang\AppData\Local\Programs\MiKTeX\tex/generic/pstricks\xdvipdfm
x.cfg))
(C:\Users\Siyu Wang\AppData\Local\Programs\MiKTeX\tex/generic/pstricks\pstricks
-color.tex)
\psunit=\dimen162
\psxunit=\dimen163
\psyunit=\dimen164
\pst@C@@rType=\count283
\pslinewidth=\dimen165
\psk@startLW=\dimen166
\psk@endLW=\dimen167

(C:\Users\Siyu Wang\AppData\Local\Programs\MiKTeX\tex/generic/pstricks\pstricks
-arrows.tex
\pshooklength=\dimen168
\pshookwidth=\dimen169
)
\pst@customdefs=\toks28

(C:\Users\Siyu Wang\AppData\Local\Programs\MiKTeX\tex/generic/pstricks\pstricks
-dots.tex)
\pslinearc=\dimen170
\pst@symbolStep=\dimen171
\pst@symbolWidth=\dimen172
\pst@symbolLinewidth=\dimen173
\everypsbox=\toks29
\psframesep=\dimen174
\pslabelsep=\dimen175
\sh@wgridXunit=\dimen176
\sh@wgridYunit=\dimen177
\pst@shift=\dimen178
\ps@imagectr=\count284

(C:\Users\Siyu Wang\AppData\Local\Programs\MiKTeX\tex/xelatex/xetex-pstricks\ps
tricks.con
(C:\Users\Siyu Wang\AppData\Local\Programs\MiKTeX\tex/generic/pstricks\xdvipdfm
x.cfg
Using PSTricks configuration for LaTeX+dvipdfmx
)))
File: pstricks.tex 2022/11/28 v3.18 `PSTricks' (tvz,hv)

(C:\Users\Siyu Wang\AppData\Local\Programs\MiKTeX\tex/generic/pstricks\pst-fp.t
ex `pst-fp' v0.06, 2020/11/20 (hv))
File: pst-fp.tex 2020/11/20 v0.06 `PST-fp' (hv)

>>> Loading XeTeX special macros

(C:\Users\Siyu Wang\AppData\Local\Programs\MiKTeX\tex/generic/pstricks\pstricks
-xetex.def))
(C:\Users\Siyu Wang\AppData\Local\Programs\MiKTeX\tex/latex/pst-plot\pst-plot.s
ty
Package: pst-plot 2011/06/05 v1.00 LaTeX wrapper for `pst-plot' (HV)

(C:\Users\Siyu Wang\AppData\Local\Programs\MiKTeX\tex/latex/xkeyval\pst-xkey.st
y
Package: pst-xkey 2005/11/25 v1.6 package wrapper for pst-xkey.tex (HA)
)
(C:\Users\Siyu Wang\AppData\Local\Programs\MiKTeX\tex/latex/multido\multido.sty
Package: multido 2004/05/17 package wrapper for PSTricks `multido.tex', (HV/RN)


(C:\Users\Siyu Wang\AppData\Local\Programs\MiKTeX\tex/generic/multido\multido.t
ex  v1.42, 2010/05/14 <tvz>
\multido@count=\count285
\multidocount=\count286
\multido@stuff=\toks30
)
File: multido.tex 2010/05/14 v1.42 `multido' (tvz,hv)
)
Package: pst-plot 2021/09/23 package wrapper for pst-plot.tex (hv)

(C:\Users\Siyu Wang\AppData\Local\Programs\MiKTeX\tex/generic/pst-plot\pst-plot
.tex
(C:\Users\Siyu Wang\AppData\Local\Programs\MiKTeX\tex/generic/pst-tools\pst-too
ls.tex `PST-tools' v0.12, 2021/09/23 (hv)
\randomi=\count287
\ranval=\count288
)
(C:\Users\Siyu Wang\AppData\Local\Programs\MiKTeX\tex/generic/pstricks-add\pstr
icks-add.tex
(C:\Users\Siyu Wang\AppData\Local\Programs\MiKTeX\tex/generic/pst-node\pst-node
.tex  v1.43, 2022/01/31
\psrow=\count289
\pscol=\count290
\psmatrixcnt=\count291
\psrowsep=\skip49
\pscolsep=\skip50
\pst@args=\count292
\num@pts=\count293
\pst@argcnt=\count294
)
(C:\Users\Siyu Wang\AppData\Local\Programs\MiKTeX\tex/generic/pst-arrow\pst-arr
ow.tex `pst-arrow' v0.05, 2021/11/16 (dr,hv))
(C:\Users\Siyu Wang\AppData\Local\Programs\MiKTeX\tex/generic/pst-3d\pst-3d.tex
`PST-3d' v1.11, 2010/02/14 (tvz))
(C:\Users\Siyu Wang\AppData\Local\Programs\MiKTeX\tex/generic/pst-math\pst-math
.tex `pst-math' v0.64 , (CJ,hv)) `pstricks-add' v3.93, 2022/11/21 (dr,hv)
\psparallelogramsep=\dimen179
\pst@cntC=\count295
\pst@stepcount=\count296
\chart@ColorIndex=\dimen180
\chart@ColorStep=\dimen181
\pst@chartHeight=\dimen182
\pst@chartStackDepth=\dimen183
\pst@chartStackWidth=\dimen184
\chart@Toggle=\count297
\psVectorCtr=\count298
)
 v1.94, 2022/11/21 (tvz,hv)
\pstRadUnit=\dimen185
\pstRadUnitInv=\dimen186
\pst@linecnt=\count299
\RCD@file=\read2
\psxlabelsep=\dimen187
\psylabelsep=\dimen188
\psk@subticksize=\dimen189
\pst@xticksizeA=\dimen190
\pst@xticksizeB=\dimen191
\pst@xticksizeC=\dimen192
\pst@yticksizeA=\dimen193
\pst@yticksizeB=\dimen194
\pst@yticksizeC=\dimen195
\@digitcounter=\count300
\psk@llx=\dimen196
\psk@lly=\dimen197
\psk@urx=\dimen198
\psk@ury=\dimen199
\pst@xunit=\dimen256
\pst@yunit=\dimen257
)
File: pst-plot.tex 2022/11/21 1.94 `pst-plot' (tvz,hv)
)
(C:\Users\Siyu Wang\AppData\Local\Programs\MiKTeX\tex/latex/pst-node\pst-node.s
ty
Package: pst-node 2012/09/18 v1.01 LaTeX wrapper for `pst-node' (HV)
Package: pst-node 2010/04/22 package wrapper for pst-node.tex

(C:\Users\Siyu Wang\AppData\Local\Programs\MiKTeX\tex/generic/pst-node\pst-node
.tex)
File: pst-node.tex 2022/11/21 1.94 `pst-node' (tvz,hv)
)
(C:\Users\Siyu Wang\AppData\Local\Programs\MiKTeX\tex/latex/pst-tree\pst-tree.s
ty
Package: pst-tree 2009/01/25 package wrapper for pst-tree.tex

(C:\Users\Siyu Wang\AppData\Local\Programs\MiKTeX\tex/generic/pst-tree\pst-tree
.tex  v1.14, 2021/09/04(tvz,dg,hv)
\pstree@rootbox=\box56
\pstree@box=\box57
\psnodecnt=\count301
\pstreelevel=\count302
\pstreecnt=\count303
\pstree@cnt=\count304
\pstree@stop=\count305
)
File: pst-tree.tex 2021/09/04 1.14 `pst-tree' (tvz,hv)
)
(C:\Users\Siyu Wang\AppData\Local\Programs\MiKTeX\tex/latex/pst-grad\pst-grad.s
ty
Package: pst-grad 2004/07/15 package wrapper for pst-grad.tex (hv)

(C:\Users\Siyu Wang\AppData\Local\Programs\MiKTeX\tex/generic/pst-grad\pst-grad
.tex `pst-grad' v1.06, 2006/11/27 (tvz,dg,hv))
File: pst-grad.tex 2006/11/27 1.06 `pst-grad' (tvz)
)
(C:\Users\Siyu Wang\AppData\Local\Programs\MiKTeX\tex/latex/pst-coil\pst-coil.s
ty
Package: pst-coil 2010/02/01 package wrapper for pst-coil.tex (hv)

(C:\Users\Siyu Wang\AppData\Local\Programs\MiKTeX\tex/generic/pst-coil\pst-coil
.tex  v1.06, 2006/11/27
(C:\Users\Siyu Wang\AppData\Local\Programs\MiKTeX\tex/generic/pst-node\pst-node
.tex))
File: pst-coil.tex 2015/05/13 v1.07 `PST-coil' (tvz,hv)
)
(C:\Users\Siyu Wang\AppData\Local\Programs\MiKTeX\tex/latex/pst-text\pst-text.s
ty
Package: pst-text 2018/12/28 package wrapper for pst-text.tex (hv)

(C:\Users\Siyu Wang\AppData\Local\Programs\MiKTeX\tex/generic/pst-text\pst-text
.tex  v1.01, 2018/12/22(tvz,hv))
File: pst-text.tex 2018/12/22 1.01 `pst-text' (tvz)
)
(C:\Users\Siyu Wang\AppData\Local\Programs\MiKTeX\tex/latex/pst-3d\pst-3d.sty
Package: pst-3d 2009/07/28 package wrapper for pst-3d.tex (hv)

(C:\Users\Siyu Wang\AppData\Local\Programs\MiKTeX\tex/generic/pst-3d\pst-3d.tex
)
File: pst-3d.tex 2018/12/22 v1.01 `PST-3d' (hv)
)
(C:\Users\Siyu Wang\AppData\Local\Programs\MiKTeX\tex/latex/pst-eps\pst-eps.sty
Package: pst-eps 2005/05/20 package wrapper for pst-eps.tex (hv)

(C:\Users\Siyu Wang\AppData\Local\Programs\MiKTeX\tex/generic/pst-eps\pst-eps.t
ex  v1.00, 2006/11/04
\pst@epsout=\write3
\pst@tempout=\write4
)
File: pst-eps.tex 2006/11/04 1.00 `pst-eps' (tvz)
)
(C:\Users\Siyu Wang\AppData\Local\Programs\MiKTeX\tex/latex/pst-fill\pst-fill.s
ty
Package: pst-fill 2010/03/20 package wrapper for pst-fill.tex (hv)

(C:\Users\Siyu Wang\AppData\Local\Programs\MiKTeX\tex/generic/pst-fill\pst-fill
.tex `PST-Fill' v1.02, 2021/10/01 (tvz,dg,hv)
\pst@fillbox=\box58
)
File: pst-fill.tex 2021/10/01 v1.02 `PST-fill' (tvz,dg,hv)
)
(C:\Users\Siyu Wang\AppData\Local\Programs\MiKTeX\tex/latex/pstricks-add\pstric
ks-add.sty
(C:\Users\Siyu Wang\AppData\Local\Programs\MiKTeX\tex/latex/pst-math\pst-math.s
ty
Package: pst-math 2018/12/16 v 0.65 package wrapper for PSTricks pst-math.tex

(C:\Users\Siyu Wang\AppData\Local\Programs\MiKTeX\tex/latex/pst-calculate\pst-c
alculate.sty
Package: pst-calculate 2019/01/24 v. 0.02(Herbert Voss) Support for caculations
 with floating point numbers.

(C:\Users\Siyu Wang\AppData\Local\Programs\MiKTeX\tex/latex/l3packages/xparse\x
parse.sty
(C:\Users\Siyu Wang\AppData\Local\Programs\MiKTeX\tex/latex/l3kernel\expl3.sty
Package: expl3 2022-07-04 L3 programming layer (loader) 

(C:\Users\Siyu Wang\AppData\Local\Programs\MiKTeX\tex/latex/l3backend\l3backend
-xetex.def
File: l3backend-xetex.def 2022-07-01 L3 backend support: XeTeX
\g__graphics_track_int=\count306
\l__pdf_internal_box=\box59
\g__pdf_backend_object_int=\count307
\g__pdf_backend_annotation_int=\count308
\g__pdf_backend_link_int=\count309
))
Package: xparse 2022-06-22 L3 Experimental document command parser
)
(C:\Users\Siyu Wang\AppData\Local\Programs\MiKTeX\tex/latex/siunitx\siunitx.sty
Package: siunitx 2022-12-05 v3.1.11 A comprehensive (SI) units package
\l__siunitx_angle_tmp_dim=\dimen258
\l__siunitx_angle_marker_box=\box60
\l__siunitx_angle_unit_box=\box61
\l__siunitx_compound_count_int=\count310

(C:\Users\Siyu Wang\AppData\Local\Programs\MiKTeX\tex/latex/translations\transl
ations.sty
Package: translations 2022/02/05 v1.12 internationalization of LaTeX2e packages
 (CN)

(C:\Users\Siyu Wang\AppData\Local\Programs\MiKTeX\tex/latex/etoolbox\etoolbox.s
ty
Package: etoolbox 2020/10/05 v2.5k e-TeX tools for LaTeX (JAW)
\etb@tempcnta=\count311
)
(C:\Users\Siyu Wang\AppData\Local\Programs\MiKTeX\tex/generic/pdftexcmds\pdftex
cmds.sty
Package: pdftexcmds 2020-06-27 v0.33 Utility functions of pdfTeX for LuaTeX (HO
)

(C:\Users\Siyu Wang\AppData\Local\Programs\MiKTeX\tex/generic/infwarerr\infware
rr.sty
Package: infwarerr 2019/12/03 v1.5 Providing info/warning/error messages (HO)
)
(C:\Users\Siyu Wang\AppData\Local\Programs\MiKTeX\tex/generic/ltxcmds\ltxcmds.s
ty
Package: ltxcmds 2020-05-10 v1.25 LaTeX kernel commands for general use (HO)
)
Package pdftexcmds Info: \pdf@primitive is available.
Package pdftexcmds Info: \pdf@ifprimitive is available.
Package pdftexcmds Info: \pdfdraftmode not found.
))
\l__siunitx_number_exponent_fixed_int=\count312
\l__siunitx_number_min_decimal_int=\count313
\l__siunitx_number_min_integer_int=\count314
\l__siunitx_number_round_precision_int=\count315
\l__siunitx_number_group_first_int=\count316
\l__siunitx_number_group_size_int=\count317
\l__siunitx_number_group_minimum_int=\count318

(C:\Users\Siyu Wang\AppData\Local\Programs\MiKTeX\tex/latex/amsmath\amstext.sty
Package: amstext 2021/08/26 v2.01 AMS text
(C:\Users\Siyu Wang\AppData\Local\Programs\MiKTeX\tex/latex/amsmath\amsgen.sty
File: amsgen.sty 1999/11/30 v2.0 generic functions
\@emptytoks=\toks31
\ex@=\dimen259
))
\l__siunitx_table_tmp_box=\box62
\l__siunitx_table_tmp_dim=\dimen260
\l__siunitx_table_column_width_dim=\dimen261
\l__siunitx_table_integer_box=\box63
\l__siunitx_table_decimal_box=\box64
\l__siunitx_table_before_box=\box65
\l__siunitx_table_after_box=\box66
\l__siunitx_table_before_dim=\dimen262
\l__siunitx_table_carry_dim=\dimen263
\l__siunitx_unit_tmp_int=\count319
\l__siunitx_unit_position_int=\count320
\l__siunitx_unit_total_int=\count321
 (C:\Users\Siyu Wang\AppData\Local\Programs\MiKTeX\tex/latex/tools\array.sty
Package: array 2021/10/04 v2.5f Tabular extension package (FMi)
\col@sep=\dimen264
\ar@mcellbox=\box67
\extrarowheight=\dimen265
\NC@list=\toks32
\extratabsurround=\skip51
\backup@length=\skip52
\ar@cellbox=\box68
)))
(C:\Users\Siyu Wang\AppData\Local\Programs\MiKTeX\tex/generic/iftex\ifluatex.st
y
Package: ifluatex 2019/10/25 v1.5 ifluatex legacy package. Use iftex instead.
)
(C:\Users\Siyu Wang\AppData\Local\Programs\MiKTeX\tex/latex/xstring\xstring.sty

(C:\Users\Siyu Wang\AppData\Local\Programs\MiKTeX\tex/generic/xstring\xstring.t
ex
\integerpart=\count322
\decimalpart=\count323
)
Package: xstring 2021/07/21 v1.84 String manipulations (CT)
)
(C:\Users\Siyu Wang\AppData\Local\Programs\MiKTeX\tex/generic/pst-math\pst-math
.tex)
File: pst-math.tex 2021/10/01 v1.02 `PST-math' (hv)
\c@Rand@No=\count324
\c@Random@Left=\count325
\c@Random@Right=\count326
\c@Random@No@max=\count327
)
Package: pstricks-add 2021/09/10 v. 0.17 package wrapper for pstricks-add.tex (
hv)

(C:\Users\Siyu Wang\AppData\Local\Programs\MiKTeX\tex/generic/pstricks-add\pstr
icks-add.tex)
File: pstricks-add.tex 2021/10/01 v1.02 `PSTricks-add' (hv)
)) (com.braju.graphicalmodels.sty
Package: com.braju.graphicalmodels 2000/10/26 PSTricks extensions by Henrik Ben
gtsson <hb@maths.lth.se>
 (com.braju.pstricks.sty
Package: com.braju.pstricks 2000/12/03 PSTricks extensions by Henrik Bengtsson 
<hb@maths.lth.se>

(C:\Users\Siyu Wang\AppData\Local\Programs\MiKTeX\tex/latex/base\ifthen.sty
Package: ifthen 2022/04/13 v1.1d Standard LaTeX ifthen package (DPC)
)
(C:\Users\Siyu Wang\AppData\Local\Programs\MiKTeX\tex/latex/tools\calc.sty
Package: calc 2017/05/25 v4.3 Infix arithmetic (KKT,FJ)
\calc@Acount=\count328
\calc@Bcount=\count329
\calc@Adimen=\dimen266
\calc@Bdimen=\dimen267
\calc@Askip=\skip53
\calc@Bskip=\skip54
LaTeX Info: Redefining \setlength on input line 80.
LaTeX Info: Redefining \addtolength on input line 81.
\calc@Ccount=\count330
\calc@Cskip=\skip55
)
\pst@Thermometer@width=\skip56
\pst@Thermometer@height=\skip57
)
\GM@x=\skip58
\GM@y=\skip59
\GM@xa=\skip60
\GM@ya=\skip61
\GM@xb=\skip62
\GM@yb=\skip63
\GM@xc=\skip64
\GM@yc=\skip65
\GM@dx=\skip66
\GM@dy=\skip67
\GM@dima=\skip68
\GM@dimb=\skip69
\GM@dimc=\skip70
\c@GM@counta=\count331
\c@GM@countb=\count332
\c@GM@countc=\count333
\GM@nodeSize=\skip71
\GM@offset=\skip72
\c@GM@observed=\count334
\c@GM@query=\count335
)
(C:\Users\Siyu Wang\AppData\Local\Programs\MiKTeX\tex/generic/iftex\ifpdf.sty
Package: ifpdf 2019/10/25 v3.4 ifpdf legacy package. Use iftex instead.
)
Package translations Info: No language package found. I am going to use `englis
h' as default language. on input line 22.

(EEHorizon_2sigma.aux)
\openout1 = `EEHorizon_2sigma.aux'.

LaTeX Font Info:    Checking defaults for OML/cmm/m/it on input line 22.
LaTeX Font Info:    ... okay on input line 22.
LaTeX Font Info:    Checking defaults for OMS/cmsy/m/n on input line 22.
LaTeX Font Info:    ... okay on input line 22.
LaTeX Font Info:    Checking defaults for OT1/cmr/m/n on input line 22.
LaTeX Font Info:    ... okay on input line 22.
LaTeX Font Info:    Checking defaults for T1/cmr/m/n on input line 22.
LaTeX Font Info:    ... okay on input line 22.
LaTeX Font Info:    Checking defaults for TS1/cmr/m/n on input line 22.
LaTeX Font Info:    Trying to load font information for TS1+cmr on input line 2
2.

(C:\Users\Siyu Wang\AppData\Local\Programs\MiKTeX\tex/latex/base\ts1cmr.fd
File: ts1cmr.fd 2019/12/16 v2.5j Standard LaTeX font definitions
)
LaTeX Font Info:    ... okay on input line 22.
LaTeX Font Info:    Checking defaults for TU/lmr/m/n on input line 22.
LaTeX Font Info:    ... okay on input line 22.
LaTeX Font Info:    Checking defaults for OMX/cmex/m/n on input line 22.
LaTeX Font Info:    ... okay on input line 22.
LaTeX Font Info:    Checking defaults for U/cmr/m/n on input line 22.
LaTeX Font Info:    ... okay on input line 22.

(C:\Users\Siyu Wang\AppData\Local\Programs\MiKTeX\tex/latex/translations/dicts\
translations-basic-dictionary-english.trsl
File: translations-basic-dictionary-english.trsl (english translation file `tra
nslations-basic-dictionary')
)
Package translations Info: loading dictionary `translations-basic-dictionary' f
or `english'. on input line 22.
LaTeX Font Info:    External font `cmex10' loaded for size
(Font)              <12> on input line 43.
LaTeX Font Info:    External font `cmex10' loaded for size
(Font)              <8> on input line 43.
LaTeX Font Info:    External font `cmex10' loaded for size
(Font)              <6> on input line 43.

Overfull \hbox (225.5077pt too wide) in paragraph at lines 167--168
[][] 
 []

[1

] (EEHorizon_2sigma.aux) ) 
Here is how much of TeX's memory you used:
 15969 strings out of 410654
 338259 string characters out of 2815486
 734040 words of memory out of 3000000
 36801 multiletter control sequences out of 15000+600000
 472003 words of font info for 38 fonts, out of 8000000 for 9000
 1348 hyphenation exceptions out of 8191
 131i,5n,133p,694b,394s stack positions out of 10000i,1000n,20000p,200000b,80000s

Output written on EEHorizon_2sigma.pdf (1 page).
