This is pdfTeX, Version 3.141592653-2.6-1.40.22 (TeX Live 2021) (preloaded format=pdflatex 2021.6.27)  19 JAN 2022 00:32
entering extended mode
 restricted \write18 enabled.
 file:line:error style messages enabled.
 %&-line parsing enabled.
**"Internal-External Noise.tex"
(./Internal-External Noise.tex
LaTeX2e <2020-10-01> patch level 4
L3 programming layer <2021-02-18>
(/usr/local/texlive/2021/texmf-dist/tex/latex/base/article.cls
Document Class: article 2020/04/10 v1.4m Standard LaTeX document class
(/usr/local/texlive/2021/texmf-dist/tex/latex/base/size12.clo
File: size12.clo 2020/04/10 v1.4m Standard LaTeX file (size option)
)
\c@part=\count179
\c@section=\count180
\c@subsection=\count181
\c@subsubsection=\count182
\c@paragraph=\count183
\c@subparagraph=\count184
\c@figure=\count185
\c@table=\count186
\abovecaptionskip=\skip47
\belowcaptionskip=\skip48
\bibindent=\dimen138
)
(/usr/local/texlive/2021/texmf-dist/tex/latex/hyperref/hyperref.sty
Package: hyperref 2021-02-27 v7.00k Hypertext links for LaTeX

(/usr/local/texlive/2021/texmf-dist/tex/generic/ltxcmds/ltxcmds.sty
Package: ltxcmds 2020-05-10 v1.25 LaTeX kernel commands for general use (HO)
)
(/usr/local/texlive/2021/texmf-dist/tex/generic/iftex/iftex.sty
Package: iftex 2020/03/06 v1.0d TeX engine tests
)
(/usr/local/texlive/2021/texmf-dist/tex/generic/pdftexcmds/pdftexcmds.sty
Package: pdftexcmds 2020-06-27 v0.33 Utility functions of pdfTeX for LuaTeX (HO
)

(/usr/local/texlive/2021/texmf-dist/tex/generic/infwarerr/infwarerr.sty
Package: infwarerr 2019/12/03 v1.5 Providing info/warning/error messages (HO)
)
Package pdftexcmds Info: \pdf@primitive is available.
Package pdftexcmds Info: \pdf@ifprimitive is available.
Package pdftexcmds Info: \pdfdraftmode found.
)
(/usr/local/texlive/2021/texmf-dist/tex/latex/graphics/keyval.sty
Package: keyval 2014/10/28 v1.15 key=value parser (DPC)
\KV@toks@=\toks15
)
(/usr/local/texlive/2021/texmf-dist/tex/generic/kvsetkeys/kvsetkeys.sty
Package: kvsetkeys 2019/12/15 v1.18 Key value parser (HO)
)
(/usr/local/texlive/2021/texmf-dist/tex/generic/kvdefinekeys/kvdefinekeys.sty
Package: kvdefinekeys 2019-12-19 v1.6 Define keys (HO)
)
(/usr/local/texlive/2021/texmf-dist/tex/generic/pdfescape/pdfescape.sty
Package: pdfescape 2019/12/09 v1.15 Implements pdfTeX's escape features (HO)
)
(/usr/local/texlive/2021/texmf-dist/tex/latex/hycolor/hycolor.sty
Package: hycolor 2020-01-27 v1.10 Color options for hyperref/bookmark (HO)
)
(/usr/local/texlive/2021/texmf-dist/tex/latex/letltxmacro/letltxmacro.sty
Package: letltxmacro 2019/12/03 v1.6 Let assignment for LaTeX macros (HO)
)
(/usr/local/texlive/2021/texmf-dist/tex/latex/auxhook/auxhook.sty
Package: auxhook 2019-12-17 v1.6 Hooks for auxiliary files (HO)
)
(/usr/local/texlive/2021/texmf-dist/tex/latex/kvoptions/kvoptions.sty
Package: kvoptions 2020-10-07 v3.14 Key value format for package options (HO)
)
\@linkdim=\dimen139
\Hy@linkcounter=\count187
\Hy@pagecounter=\count188

(/usr/local/texlive/2021/texmf-dist/tex/latex/hyperref/pd1enc.def
File: pd1enc.def 2021-02-27 v7.00k Hyperref: PDFDocEncoding definition (HO)
Now handling font encoding PD1 ...
... no UTF-8 mapping file for font encoding PD1
)
(/usr/local/texlive/2021/texmf-dist/tex/latex/hyperref/hyperref-langpatches.def
File: hyperref-langpatches.def 2021-02-27 v7.00k Hyperref: patches for babel la
nguages
) (/usr/local/texlive/2021/texmf-dist/tex/generic/intcalc/intcalc.sty
Package: intcalc 2019/12/15 v1.3 Expandable calculations with integers (HO)
)
(/usr/local/texlive/2021/texmf-dist/tex/generic/etexcmds/etexcmds.sty
Package: etexcmds 2019/12/15 v1.7 Avoid name clashes with e-TeX commands (HO)
)
\Hy@SavedSpaceFactor=\count189

(/usr/local/texlive/2021/texmf-dist/tex/latex/hyperref/puenc.def
File: puenc.def 2021-02-27 v7.00k Hyperref: PDF Unicode definition (HO)
Now handling font encoding PU ...
... no UTF-8 mapping file for font encoding PU
)
Package hyperref Info: Hyper figures OFF on input line 4192.
Package hyperref Info: Link nesting OFF on input line 4197.
Package hyperref Info: Hyper index ON on input line 4200.
Package hyperref Info: Plain pages OFF on input line 4207.
Package hyperref Info: Backreferencing OFF on input line 4212.
Package hyperref Info: Implicit mode ON; LaTeX internals redefined.
Package hyperref Info: Bookmarks ON on input line 4445.
\c@Hy@tempcnt=\count190

(/usr/local/texlive/2021/texmf-dist/tex/latex/url/url.sty
\Urlmuskip=\muskip16
Package: url 2013/09/16  ver 3.4  Verb mode for urls, etc.
)
LaTeX Info: Redefining \url on input line 4804.
\XeTeXLinkMargin=\dimen140

(/usr/local/texlive/2021/texmf-dist/tex/generic/bitset/bitset.sty
Package: bitset 2019/12/09 v1.3 Handle bit-vector datatype (HO)

(/usr/local/texlive/2021/texmf-dist/tex/generic/bigintcalc/bigintcalc.sty
Package: bigintcalc 2019/12/15 v1.5 Expandable calculations on big integers (HO
)
))
\Fld@menulength=\count191
\Field@Width=\dimen141
\Fld@charsize=\dimen142
Package hyperref Info: Hyper figures OFF on input line 6075.
Package hyperref Info: Link nesting OFF on input line 6080.
Package hyperref Info: Hyper index ON on input line 6083.
Package hyperref Info: backreferencing OFF on input line 6090.
Package hyperref Info: Link coloring OFF on input line 6095.
Package hyperref Info: Link coloring with OCG OFF on input line 6100.
Package hyperref Info: PDF/A mode OFF on input line 6105.
LaTeX Info: Redefining \ref on input line 6145.
LaTeX Info: Redefining \pageref on input line 6149.

(/usr/local/texlive/2021/texmf-dist/tex/latex/base/atbegshi-ltx.sty
Package: atbegshi-ltx 2020/08/17 v1.0a Emulation of the original atbegshi packa
ge
with kernel methods
)
\Hy@abspage=\count192
\c@Item=\count193
\c@Hfootnote=\count194
)
Package hyperref Info: Driver (autodetected): hpdftex.

(/usr/local/texlive/2021/texmf-dist/tex/latex/hyperref/hpdftex.def
File: hpdftex.def 2021-02-27 v7.00k Hyperref driver for pdfTeX

(/usr/local/texlive/2021/texmf-dist/tex/latex/base/atveryend-ltx.sty
Package: atveryend-ltx 2020/08/19 v1.0a Emulation of the original atvery packag
e
with kernel methods
)
\Fld@listcount=\count195
\c@bookmark@seq@number=\count196

(/usr/local/texlive/2021/texmf-dist/tex/latex/rerunfilecheck/rerunfilecheck.sty
Package: rerunfilecheck 2019/12/05 v1.9 Rerun checks for auxiliary files (HO)

(/usr/local/texlive/2021/texmf-dist/tex/generic/uniquecounter/uniquecounter.sty
Package: uniquecounter 2019/12/15 v1.4 Provide unlimited unique counter (HO)
)
Package uniquecounter Info: New unique counter `rerunfilecheck' on input line 2
86.
)
\Hy@SectionHShift=\skip49
) (/usr/local/texlive/2021/texmf-dist/tex/latex/natbib/natbib.sty
Package: natbib 2010/09/13 8.31b (PWD, AO)
\bibhang=\skip50
\bibsep=\skip51
LaTeX Info: Redefining \cite on input line 694.
\c@NAT@ctr=\count197
)
(/usr/local/texlive/2021/texmf-dist/tex/latex/psnfss/times.sty
Package: times 2020/03/25 PSNFSS-v9.3 (SPQR) 
)
(/usr/local/texlive/2021/texmf-dist/tex/latex/graphics/color.sty
Package: color 2020/02/24 v1.2b Standard LaTeX Color (DPC)

(/usr/local/texlive/2021/texmf-dist/tex/latex/graphics-cfg/color.cfg
File: color.cfg 2016/01/02 v1.6 sample color configuration
)
Package color Info: Driver file: pdftex.def on input line 147.

(/usr/local/texlive/2021/texmf-dist/tex/latex/graphics-def/pdftex.def
File: pdftex.def 2020/10/05 v1.2a Graphics/color driver for pdftex
))
(/usr/local/texlive/2021/texmf-dist/tex/generic/bibtex/apalike.sty)
(/usr/local/texlive/2021/texmf-dist/tex/latex/graphics/graphicx.sty
Package: graphicx 2020/09/09 v1.2b Enhanced LaTeX Graphics (DPC,SPQR)

(/usr/local/texlive/2021/texmf-dist/tex/latex/graphics/graphics.sty
Package: graphics 2020/08/30 v1.4c Standard LaTeX Graphics (DPC,SPQR)

(/usr/local/texlive/2021/texmf-dist/tex/latex/graphics/trig.sty
Package: trig 2016/01/03 v1.10 sin cos tan (DPC)
)
(/usr/local/texlive/2021/texmf-dist/tex/latex/graphics-cfg/graphics.cfg
File: graphics.cfg 2016/06/04 v1.11 sample graphics configuration
)
Package graphics Info: Driver file: pdftex.def on input line 105.
)
\Gin@req@height=\dimen143
\Gin@req@width=\dimen144
)
(/usr/local/texlive/2021/texmf-dist/tex/latex/preprint/authblk.sty
Package: authblk 2001/02/27 1.3 (PWD)
\affilsep=\skip52
\@affilsep=\skip53
\c@Maxaffil=\count198
\c@authors=\count199
\c@affil=\count266
)
(/usr/local/texlive/2021/texmf-dist/tex/latex/amsmath/amsmath.sty
Package: amsmath 2020/09/23 v2.17i AMS math features
\@mathmargin=\skip54

For additional information on amsmath, use the `?' option.
(/usr/local/texlive/2021/texmf-dist/tex/latex/amsmath/amstext.sty
Package: amstext 2000/06/29 v2.01 AMS text

(/usr/local/texlive/2021/texmf-dist/tex/latex/amsmath/amsgen.sty
File: amsgen.sty 1999/11/30 v2.0 generic functions
\@emptytoks=\toks16
\ex@=\dimen145
))
(/usr/local/texlive/2021/texmf-dist/tex/latex/amsmath/amsbsy.sty
Package: amsbsy 1999/11/29 v1.2d Bold Symbols
\pmbraise@=\dimen146
)
(/usr/local/texlive/2021/texmf-dist/tex/latex/amsmath/amsopn.sty
Package: amsopn 2016/03/08 v2.02 operator names
)
\inf@bad=\count267
LaTeX Info: Redefining \frac on input line 234.
\uproot@=\count268
\leftroot@=\count269
LaTeX Info: Redefining \overline on input line 399.
\classnum@=\count270
\DOTSCASE@=\count271
LaTeX Info: Redefining \ldots on input line 496.
LaTeX Info: Redefining \dots on input line 499.
LaTeX Info: Redefining \cdots on input line 620.
\Mathstrutbox@=\box47
\strutbox@=\box48
\big@size=\dimen147
LaTeX Font Info:    Redeclaring font encoding OML on input line 743.
LaTeX Font Info:    Redeclaring font encoding OMS on input line 744.
\macc@depth=\count272
\c@MaxMatrixCols=\count273
\dotsspace@=\muskip17
\c@parentequation=\count274
\dspbrk@lvl=\count275
\tag@help=\toks17
\row@=\count276
\column@=\count277
\maxfields@=\count278
\andhelp@=\toks18
\eqnshift@=\dimen148
\alignsep@=\dimen149
\tagshift@=\dimen150
\tagwidth@=\dimen151
\totwidth@=\dimen152
\lineht@=\dimen153
\@envbody=\toks19
\multlinegap=\skip55
\multlinetaggap=\skip56
\mathdisplay@stack=\toks20
LaTeX Info: Redefining \[ on input line 2923.
LaTeX Info: Redefining \] on input line 2924.
)
(/usr/local/texlive/2021/texmf-dist/tex/latex/caption/caption.sty
Package: caption 2020/10/26 v3.5g Customizing captions (AR)

(/usr/local/texlive/2021/texmf-dist/tex/latex/caption/caption3.sty
Package: caption3 2020/10/21 v2.2e caption3 kernel (AR)
\captionmargin=\dimen154
\captionmargin@=\dimen155
\captionwidth=\dimen156
\caption@tempdima=\dimen157
\caption@indent=\dimen158
\caption@parindent=\dimen159
\caption@hangindent=\dimen160
Package caption Info: Standard document class detected.
)
\c@caption@flags=\count279
\c@continuedfloat=\count280
Package caption Info: hyperref package is loaded.
)
(/usr/local/texlive/2021/texmf-dist/tex/latex/amsfonts/amssymb.sty
Package: amssymb 2013/01/14 v3.01 AMS font symbols

(/usr/local/texlive/2021/texmf-dist/tex/latex/amsfonts/amsfonts.sty
Package: amsfonts 2013/01/14 v3.01 Basic AMSFonts support
\symAMSa=\mathgroup4
\symAMSb=\mathgroup5
LaTeX Font Info:    Redeclaring math symbol \hbar on input line 98.
LaTeX Font Info:    Overwriting math alphabet `\mathfrak' in version `bold'
(Font)                  U/euf/m/n --> U/euf/b/n on input line 106.
))
(/usr/local/texlive/2021/texmf-dist/tex/latex/float/float.sty
Package: float 2001/11/08 v1.3d Float enhancements (AL)
\c@float@type=\count281
\float@exts=\toks21
\float@box=\box49
\@float@everytoks=\toks22
\@floatcapt=\box50
)
LaTeX Font Info:    Trying to load font information for OT1+ptm on input line 4
0.

(/usr/local/texlive/2021/texmf-dist/tex/latex/psnfss/ot1ptm.fd
File: ot1ptm.fd 2001/06/04 font definitions for OT1/ptm.
)
(/usr/local/texlive/2021/texmf-dist/tex/latex/l3backend/l3backend-pdftex.def
File: l3backend-pdftex.def 2021-03-18 L3 backend support: PDF output (pdfTeX)
\l__color_backend_stack_int=\count282
\l__pdf_internal_box=\box51
)
No file "Internal-External Noise".aux.
\openout1 = `"Internal-External Noise.aux"'.

LaTeX Font Info:    Checking defaults for OML/cmm/m/it on input line 40.
LaTeX Font Info:    ... okay on input line 40.
LaTeX Font Info:    Checking defaults for OMS/cmsy/m/n on input line 40.
LaTeX Font Info:    ... okay on input line 40.
LaTeX Font Info:    Checking defaults for OT1/cmr/m/n on input line 40.
LaTeX Font Info:    ... okay on input line 40.
LaTeX Font Info:    Checking defaults for T1/cmr/m/n on input line 40.
LaTeX Font Info:    ... okay on input line 40.
LaTeX Font Info:    Checking defaults for TS1/cmr/m/n on input line 40.
LaTeX Font Info:    ... okay on input line 40.
LaTeX Font Info:    Checking defaults for OMX/cmex/m/n on input line 40.
LaTeX Font Info:    ... okay on input line 40.
LaTeX Font Info:    Checking defaults for U/cmr/m/n on input line 40.
LaTeX Font Info:    ... okay on input line 40.
LaTeX Font Info:    Checking defaults for PD1/pdf/m/n on input line 40.
LaTeX Font Info:    ... okay on input line 40.
LaTeX Font Info:    Checking defaults for PU/pdf/m/n on input line 40.
LaTeX Font Info:    ... okay on input line 40.
Package hyperref Info: Link coloring OFF on input line 40.
(/usr/local/texlive/2021/texmf-dist/tex/latex/hyperref/nameref.sty
Package: nameref 2021-04-02 v2.47 Cross-referencing by name of section

(/usr/local/texlive/2021/texmf-dist/tex/latex/refcount/refcount.sty
Package: refcount 2019/12/15 v3.6 Data extraction from label references (HO)
)
(/usr/local/texlive/2021/texmf-dist/tex/generic/gettitlestring/gettitlestring.s
ty
Package: gettitlestring 2019/12/15 v1.6 Cleanup title references (HO)
)
\c@section@level=\count283
)
LaTeX Info: Redefining \ref on input line 40.
LaTeX Info: Redefining \pageref on input line 40.
LaTeX Info: Redefining \nameref on input line 40.
\@outlinefile=\write3
\openout3 = `"Internal-External Noise.out"'.

 (/usr/local/texlive/2021/texmf-dist/tex/context/base/mkii/supp-pdf.mkii
[Loading MPS to PDF converter (version 2006.09.02).]
\scratchcounter=\count284
\scratchdimen=\dimen161
\scratchbox=\box52
\nofMPsegments=\count285
\nofMParguments=\count286
\everyMPshowfont=\toks23
\MPscratchCnt=\count287
\MPscratchDim=\dimen162
\MPnumerator=\count288
\makeMPintoPDFobject=\count289
\everyMPtoPDFconversion=\toks24
) (/usr/local/texlive/2021/texmf-dist/tex/latex/epstopdf-pkg/epstopdf-base.sty
Package: epstopdf-base 2020-01-24 v2.11 Base part for package epstopdf
Package epstopdf-base Info: Redefining graphics rule for `.eps' on input line 4
85.

(/usr/local/texlive/2021/texmf-dist/tex/latex/latexconfig/epstopdf-sys.cfg
File: epstopdf-sys.cfg 2010/07/13 v1.3 Configuration of (r)epstopdf for TeX Liv
e
))
Package caption Info: Begin \AtBeginDocument code.
Package caption Info: float package is loaded.
Package caption Info: End \AtBeginDocument code.
LaTeX Font Info:    Trying to load font information for U+msa on input line 41.


(/usr/local/texlive/2021/texmf-dist/tex/latex/amsfonts/umsa.fd
File: umsa.fd 2013/01/14 v3.01 AMS symbols A
)
LaTeX Font Info:    Trying to load font information for U+msb on input line 41.


(/usr/local/texlive/2021/texmf-dist/tex/latex/amsfonts/umsb.fd
File: umsb.fd 2013/01/14 v3.01 AMS symbols B
) [1

{/usr/local/texlive/2021/texmf-var/fonts/map/pdftex/updmap/pdftex.map}] [2]

Package natbib Warning: Citation `eegittins74' on page 3 undefined on input lin
e 60.


Package natbib Warning: Citation `eeBasu18' on page 3 undefined on input line 6
0.


Package natbib Warning: Citation `eeauer02' on page 3 undefined on input line 6
0.


Package natbib Warning: Citation `eegittins79' on page 3 undefined on input lin
e 60.


Package natbib Warning: Citation `eekrebs78' on page 3 undefined on input line 
60.


Package natbib Warning: Citation `eethompson33' on page 3 undefined on input li
ne 60.


Package natbib Warning: Citation `eewatkins89' on page 3 undefined on input lin
e 60.


Package natbib Warning: Citation `eebridle90' on page 3 undefined on input line
 60.


Package natbib Warning: Citation `eemeyer95' on page 3 undefined on input line 
60.


Package natbib Warning: Citation `eebanks97' on page 3 undefined on input line 
60.


Package natbib Warning: Citation `eefrank09' on page 3 undefined on input line 
60.


Package natbib Warning: Citation `eesteyvers09' on page 3 undefined on input li
ne 60.


Package natbib Warning: Citation `eelee11' on page 3 undefined on input line 60
.


Package natbib Warning: Citation `eepl12' on page 3 undefined on input line 60.



Package natbib Warning: Citation `eezhang13' on page 3 undefined on input line 
60.


Package natbib Warning: Citation `eedaw06' on page 3 undefined on input line 60
.


Package natbib Warning: Citation `eepl11' on page 3 undefined on input line 60.



Package natbib Warning: Citation `wilson2014' on page 3 undefined on input line
 60.


Package natbib Warning: Citation `eethompson33' on page 3 undefined on input li
ne 62.


Package natbib Warning: Citation `eewatkins89' on page 3 undefined on input lin
e 62.


Package natbib Warning: Citation `eebridle90' on page 3 undefined on input line
 62.


Package natbib Warning: Citation `eethompson33' on page 3 undefined on input li
ne 62.


Package natbib Warning: Citation `eebridle90' on page 3 undefined on input line
 62.


Package natbib Warning: Citation `eeAgrawal11' on page 3 undefined on input lin
e 62.


Package natbib Warning: Citation `eeChapelle11' on page 3 undefined on input li
ne 62.


Package natbib Warning: Citation `Gershman2018' on page 3 undefined on input li
ne 66.


Package natbib Warning: Citation `wilson2014' on page 3 undefined on input line
 66.


Package natbib Warning: Citation `wilson2014' on page 3 undefined on input line
 66.

[3]

Package natbib Warning: Citation `wilson2014' on page 4 undefined on input line
 107.


Package natbib Warning: Citation `wilson2014' on page 4 undefined on input line
 110.


LaTeX Warning: Reference `fig:taskfig' on page 4 undefined on input line 110.

[4]

pdfTeX warning: /Library/TeX/texbin/pdflatex (file ./figures/taskfiga.pdf): PDF
 inclusion: found PDF version <1.7>, but at most version <1.5> allowed
<figures/taskfiga.pdf, id=29, 1011.78pt x 917.82903pt>
File: figures/taskfiga.pdf Graphic file (type pdf)
<use figures/taskfiga.pdf>
Package pdftex.def Info: figures/taskfiga.pdf  used on input line 114.
(pdftex.def)             Requested size: 505.89pt x 458.91339pt.
LaTeX Font Info:    Trying to load font information for OT1+phv on input line 1
16.
(/usr/local/texlive/2021/texmf-dist/tex/latex/psnfss/ot1phv.fd
File: ot1phv.fd 2020/03/25 scalable font definitions for OT1/phv.
)
LaTeX Font Info:    Font shape `OT1/phv/m/it' in size <10.95> not available
(Font)              Font shape `OT1/phv/m/sl' tried instead on input line 116.


Package natbib Warning: Citation `wilson2014' on page 5 undefined on input line
 125.


Package natbib Warning: Citation `psychtoolbox1' on page 5 undefined on input l
ine 127.


Package natbib Warning: Citation `psychtoolbox2' on page 5 undefined on input l
ine 127.


LaTeX Warning: Reference `fig:taskfig' on page 5 undefined on input line 129.

[5] [6 <./figures/taskfiga.pdf>]

Package natbib Warning: Citation `wilson2014' on page 7 undefined on input line
 132.


LaTeX Warning: Reference `tab:pars2' on page 7 undefined on input line 144.


LaTeX Warning: Reference `fig:model' on page 7 undefined on input line 144.


Package natbib Warning: Citation `hbm1' on page 7 undefined on input line 144.

[7]

LaTeX Warning: Reference `tab:pars2' on page 8 undefined on input line 146.


Overfull \hbox (23.01906pt too wide) in paragraph at lines 150--183
[][] 
 []


Package natbib Warning: Citation `jags' on page 8 undefined on input line 188.

<figures/Siyu_EEHorizon_2sigma_final.pdf, id=80, 758.835pt x 397.485pt>
File: figures/Siyu_EEHorizon_2sigma_final.pdf Graphic file (type pdf)
<use figures/Siyu_EEHorizon_2sigma_final.pdf>
Package pdftex.def Info: figures/Siyu_EEHorizon_2sigma_final.pdf  used on input
 line 194.
(pdftex.def)             Requested size: 505.89pt x 264.99136pt.

Package natbib Warning: Citation `lee_wagenmakers_2014' on page 8 undefined on 
input line 195.


Package natbib Warning: Citation `lee_wagenmakers_2014' on page 8 undefined on 
input line 195.

[8]

LaTeX Warning: Reference `fig:pararecover1' on page 9 undefined on input line 2
04.


LaTeX Warning: Reference `fig:pararecover1' on page 9 undefined on input line 2
04.

<figures/precover.png, id=90, 469.755pt x 573.8238pt>
File: figures/precover.png Graphic file (type png)
<use figures/precover.png>
Package pdftex.def Info: figures/precover.png  used on input line 208.
(pdftex.def)             Requested size: 505.89pt x 617.96056pt.

LaTeX Warning: Float too large for page by 30.04936pt on input line 213.

<figures/RanDetNoise_pure_ran_det_simu_hyperprior.png, id=91, 1011.78pt x 875.4
306pt>
File: figures/RanDetNoise_pure_ran_det_simu_hyperprior.png Graphic file (type p
ng)
<use figures/RanDetNoise_pure_ran_det_simu_hyperprior.png>
Package pdftex.def Info: figures/RanDetNoise_pure_ran_det_simu_hyperprior.png  
used on input line 217.
(pdftex.def)             Requested size: 505.89pt x 437.71423pt.

LaTeX Warning: Reference `fig:pararecover2' on page 9 undefined on input line 2
25.

[9 <./figures/Siyu_EEHorizon_2sigma_final.pdf>] [10 <./figures/precover.png (PN
G copy)>] [11 <./figures/RanDetNoise_pure_ran_det_simu_hyperprior.png (PNG copy
)>]

Package natbib Warning: Citation `wilson2014' on page 12 undefined on input lin
e 235.


LaTeX Warning: Reference `fig:taskfig' on page 12 undefined on input line 235.

[12]

Package natbib Warning: Citation `wilson2014' on page 13 undefined on input lin
e 250.

<figures/line_modelfree.png, id=258, 831.105pt x 408.5664pt>
File: figures/line_modelfree.png Graphic file (type png)
<use figures/line_modelfree.png>
Package pdftex.def Info: figures/line_modelfree.png  used on input line 256.
(pdftex.def)             Requested size: 505.89pt x 248.69522pt.
[13]

LaTeX Warning: Reference `fig:mf2' on page 14 undefined on input line 267.

[14 <./figures/line_modelfree.png (PNG copy)>]
<figures/theory_da_info.png, id=271, 831.105pt x 408.5664pt>
File: figures/theory_da_info.png Graphic file (type png)
<use figures/theory_da_info.png>
Package pdftex.def Info: figures/theory_da_info.png  used on input line 271.
(pdftex.def)             Requested size: 505.89pt x 248.69522pt.


LaTeX Warning: Reference `fig:mf2' on page 15 undefined on input line 287.

[15 <./figures/theory_da_info.png (PNG copy)>]

Package natbib Warning: Citation `wilson2014' on page 16 undefined on input lin
e 291.

[16]

LaTeX Warning: Reference `fig:model' on page 17 undefined on input line 306.


Package natbib Warning: Citation `lee2014' on page 17 undefined on input line 3
06.


Package natbib Warning: Citation `jags' on page 17 undefined on input line 306.



Package natbib Warning: Citation `matjags' on page 17 undefined on input line 3
06.


LaTeX Warning: Reference `fig:mb1' on page 17 undefined on input line 310.


LaTeX Warning: Reference `fig:ratio' on page 17 undefined on input line 310.

<figures/hyperprior.png, id=285, 2023.56pt x 1750.54pt>
File: figures/hyperprior.png Graphic file (type png)
<use figures/hyperprior.png>
Package pdftex.def Info: figures/hyperprior.png  used on input line 316.
(pdftex.def)             Requested size: 505.89pt x 437.63393pt.
<figures/RanDetNoise_ratio1.png, id=286, 1349.04pt x 1222.5675pt>
File: figures/RanDetNoise_ratio1.png Graphic file (type png)
<use figures/RanDetNoise_ratio1.png>
Package pdftex.def Info: figures/RanDetNoise_ratio1.png  used on input line 325
.
(pdftex.def)             Requested size: 303.53708pt x 275.06581pt.
<figures/RanDetNoise_2noise_modelA.png, id=287, 1669.437pt x 474.573pt>
File: figures/RanDetNoise_2noise_modelA.png Graphic file (type png)
<use figures/RanDetNoise_2noise_modelA.png>
Package pdftex.def Info: figures/RanDetNoise_2noise_modelA.png  used on input l
ine 343.
(pdftex.def)             Requested size: 505.89pt x 143.8068pt.

Package natbib Warning: Citation `Wilson2019' on page 17 undefined on input lin
e 352.

[17] [18 <./figures/hyperprior.png (PNG copy)>] [19 <./figures/RanDetNoise_rati
o1.png (PNG copy)> <./figures/RanDetNoise_2noise_modelA.png (PNG copy)>]

LaTeX Warning: Reference `fig:mb3' on page 20 undefined on input line 354.

[20]

LaTeX Warning: Reference `fig:pararecover2' on page 21 undefined on input line 
380.


Package natbib Warning: Citation `songbird1' on page 21 undefined on input line
 386.


Package natbib Warning: Citation `songbird2' on page 21 undefined on input line
 386.


Package natbib Warning: Citation `ebitz17' on page 21 undefined on input line 3
86.


Package natbib Warning: Citation `drugowitsch16' on page 21 undefined on input 
line 386.


Package natbib Warning: Citation `aj2005' on page 21 undefined on input line 38
7.


Package natbib Warning: Citation `eeKarpova14' on page 21 undefined on input li
ne 387.


Package natbib Warning: Citation `eeKeung18' on page 21 undefined on input line
 387.


Package natbib Warning: Citation `eeWarren17' on page 21 undefined on input lin
e 387.


Package natbib Warning: Citation `jepma2012' on page 21 undefined on input line
 387.


Package natbib Warning: Citation `nieuwenhuis05' on page 21 undefined on input 
line 387.

[21]

Package natbib Warning: Citation `Bair1996' on page 22 undefined on input line 
389.


Package natbib Warning: Citation `ebitz17' on page 22 undefined on input line 4
13.

No file "Internal-External Noise".bbl.
[22]

Package natbib Warning: There were undefined citations.

(./Internal-External Noise.aux)

LaTeX Warning: There were undefined references.


LaTeX Warning: Label(s) may have changed. Rerun to get cross-references right.


Package rerunfilecheck Warning: File `"Internal-External Noise".out' has change
d.
(rerunfilecheck)                Rerun to get outlines right
(rerunfilecheck)                or use package `bookmark'.

Package rerunfilecheck Info: Checksums for `"Internal-External Noise".out':
(rerunfilecheck)             Before: <no file>
(rerunfilecheck)             After:  D41D8CD98F00B204E9800998ECF8427E;0.
 ) 
Here is how much of TeX's memory you used:
 10814 strings out of 478994
 162303 string characters out of 5858184
 460039 words of memory out of 5000000
 28082 multiletter control sequences out of 15000+600000
 433094 words of font info for 88 fonts, out of 8000000 for 9000
 1141 hyphenation exceptions out of 8191
 71i,16n,74p,1501b,491s stack positions out of 5000i,500n,10000p,200000b,80000s
{/usr/local/texlive/2021/texmf-dist/fonts/enc/dvips/base/8r.enc}</usr/local/t
exlive/2021/texmf-dist/fonts/type1/public/amsfonts/cm/cmmi10.pfb></usr/local/te
xlive/2021/texmf-dist/fonts/type1/public/amsfonts/cm/cmmi12.pfb></usr/local/tex
live/2021/texmf-dist/fonts/type1/public/amsfonts/cm/cmmi8.pfb></usr/local/texli
ve/2021/texmf-dist/fonts/type1/public/amsfonts/cm/cmr10.pfb></usr/local/texlive
/2021/texmf-dist/fonts/type1/public/amsfonts/cm/cmr12.pfb></usr/local/texlive/2
021/texmf-dist/fonts/type1/public/amsfonts/cm/cmr8.pfb></usr/local/texlive/2021
/texmf-dist/fonts/type1/public/amsfonts/cm/cmsy10.pfb></usr/local/texlive/2021/
texmf-dist/fonts/type1/urw/helvetic/uhvr8a.pfb></usr/local/texlive/2021/texmf-d
ist/fonts/type1/urw/helvetic/uhvro8a.pfb></usr/local/texlive/2021/texmf-dist/fo
nts/type1/urw/times/utmb8a.pfb></usr/local/texlive/2021/texmf-dist/fonts/type1/
urw/times/utmr8a.pfb></usr/local/texlive/2021/texmf-dist/fonts/type1/urw/times/
utmri8a.pfb>
Output written on "Internal-External Noise.pdf" (22 pages, 1212557 bytes).
PDF statistics:
 373 PDF objects out of 1000 (max. 8388607)
 278 compressed objects within 3 object streams
 56 named destinations out of 1000 (max. 500000)
 46 words of extra memory for PDF output out of 10000 (max. 10000000)

