This is pdfTeX, Version 3.14159265-2.6-1.40.17 (MiKTeX 2.9 64-bit) (preloaded format=pdflatex 2017.9.22)  29 APR 2018 02:16
entering extended mode
**"./Internal-External Noise.tex"
("Internal-External Noise.tex"
LaTeX2e <2016/03/31>
Babel <3.9r> and hyphenation patterns for 75 language(s) loaded.
("C:\Program Files\MiKTeX 2.9\tex\latex\base\article.cls"
Document Class: article 2014/09/29 v1.4h Standard LaTeX document class
("C:\Program Files\MiKTeX 2.9\tex\latex\base\size12.clo"
File: size12.clo 2014/09/29 v1.4h Standard LaTeX file (size option)
)
\c@part=\count79
\c@section=\count80
\c@subsection=\count81
\c@subsubsection=\count82
\c@paragraph=\count83
\c@subparagraph=\count84
\c@figure=\count85
\c@table=\count86
\abovecaptionskip=\skip41
\belowcaptionskip=\skip42
\bibindent=\dimen102
)
("C:\Program Files\MiKTeX 2.9\tex\latex\psnfss\times.sty"
Package: times 2005/04/12 PSNFSS-v9.2a (SPQR) 
)
("C:\Program Files\MiKTeX 2.9\tex\latex\graphics\color.sty"
Package: color 2016/05/09 v1.1c Standard LaTeX Color (DPC)

("C:\Program Files\MiKTeX 2.9\tex\latex\00miktex\color.cfg"
File: color.cfg 2016/01/02 v1.6 sample color configuration
)
Package color Info: Driver file: pdftex.def on input line 144.

("C:\Program Files\MiKTeX 2.9\tex\latex\pdftex-def\pdftex.def"
File: pdftex.def 2011/05/27 v0.06d Graphics/color for pdfTeX

("C:\Program Files\MiKTeX 2.9\tex\generic\oberdiek\infwarerr.sty"
Package: infwarerr 2016/05/16 v1.4 Providing info/warning/error messages (HO)
)
("C:\Program Files\MiKTeX 2.9\tex\generic\oberdiek\ltxcmds.sty"
Package: ltxcmds 2016/05/16 v1.23 LaTeX kernel commands for general use (HO)
)
\Gread@gobject=\count87
))
("C:\Program Files\MiKTeX 2.9\tex\latex\apalike\apalike.sty"
\bibhang=\skip43
)
("C:\Program Files\MiKTeX 2.9\tex\latex\graphics\graphicx.sty"
Package: graphicx 2014/10/28 v1.0g Enhanced LaTeX Graphics (DPC,SPQR)

("C:\Program Files\MiKTeX 2.9\tex\latex\graphics\keyval.sty"
Package: keyval 2014/10/28 v1.15 key=value parser (DPC)
\KV@toks@=\toks14
)
("C:\Program Files\MiKTeX 2.9\tex\latex\graphics\graphics.sty"
Package: graphics 2016/05/09 v1.0r Standard LaTeX Graphics (DPC,SPQR)

("C:\Program Files\MiKTeX 2.9\tex\latex\graphics\trig.sty"
Package: trig 2016/01/03 v1.10 sin cos tan (DPC)
)
("C:\Program Files\MiKTeX 2.9\tex\latex\00miktex\graphics.cfg"
File: graphics.cfg 2016/01/02 v1.10 sample graphics configuration
)
Package graphics Info: Driver file: pdftex.def on input line 96.
)
\Gin@req@height=\dimen103
\Gin@req@width=\dimen104
)
("C:\Program Files\MiKTeX 2.9\tex\latex\preprint\authblk.sty"
Package: authblk 2001/02/27 1.3 (PWD)
\affilsep=\skip44
\@affilsep=\skip45
\c@Maxaffil=\count88
\c@authors=\count89
\c@affil=\count90
)
("C:\Program Files\MiKTeX 2.9\tex\latex\amsmath\amsmath.sty"
Package: amsmath 2016/03/10 v2.15b AMS math features
\@mathmargin=\skip46

For additional information on amsmath, use the `?' option.
("C:\Program Files\MiKTeX 2.9\tex\latex\amsmath\amstext.sty"
Package: amstext 2000/06/29 v2.01 AMS text

("C:\Program Files\MiKTeX 2.9\tex\latex\amsmath\amsgen.sty"
File: amsgen.sty 1999/11/30 v2.0 generic functions
\@emptytoks=\toks15
\ex@=\dimen105
))
("C:\Program Files\MiKTeX 2.9\tex\latex\amsmath\amsbsy.sty"
Package: amsbsy 1999/11/29 v1.2d Bold Symbols
\pmbraise@=\dimen106
)
("C:\Program Files\MiKTeX 2.9\tex\latex\amsmath\amsopn.sty"
Package: amsopn 2016/03/08 v2.02 operator names
)
\inf@bad=\count91
LaTeX Info: Redefining \frac on input line 199.
\uproot@=\count92
\leftroot@=\count93
LaTeX Info: Redefining \overline on input line 297.
\classnum@=\count94
\DOTSCASE@=\count95
LaTeX Info: Redefining \ldots on input line 394.
LaTeX Info: Redefining \dots on input line 397.
LaTeX Info: Redefining \cdots on input line 518.
\Mathstrutbox@=\box26
\strutbox@=\box27
\big@size=\dimen107
LaTeX Font Info:    Redeclaring font encoding OML on input line 634.
LaTeX Font Info:    Redeclaring font encoding OMS on input line 635.
\macc@depth=\count96
\c@MaxMatrixCols=\count97
\dotsspace@=\muskip10
\c@parentequation=\count98
\dspbrk@lvl=\count99
\tag@help=\toks16
\row@=\count100
\column@=\count101
\maxfields@=\count102
\andhelp@=\toks17
\eqnshift@=\dimen108
\alignsep@=\dimen109
\tagshift@=\dimen110
\tagwidth@=\dimen111
\totwidth@=\dimen112
\lineht@=\dimen113
\@envbody=\toks18
\multlinegap=\skip47
\multlinetaggap=\skip48
\mathdisplay@stack=\toks19
LaTeX Info: Redefining \[ on input line 2739.
LaTeX Info: Redefining \] on input line 2740.
)
("C:\Program Files\MiKTeX 2.9\tex\latex\caption\caption.sty"
Package: caption 2016/02/21 v3.3-144 Customizing captions (AR)

("C:\Program Files\MiKTeX 2.9\tex\latex\caption\caption3.sty"
Package: caption3 2016/05/22 v1.7-166 caption3 kernel (AR)
Package caption3 Info: TeX engine: e-TeX on input line 67.
\captionmargin=\dimen114
\captionmargin@=\dimen115
\captionwidth=\dimen116
\caption@tempdima=\dimen117
\caption@indent=\dimen118
\caption@parindent=\dimen119
\caption@hangindent=\dimen120
)
\c@ContinuedFloat=\count103
)
("C:\Program Files\MiKTeX 2.9\tex\latex\amsfonts\amssymb.sty"
Package: amssymb 2013/01/14 v3.01 AMS font symbols

("C:\Program Files\MiKTeX 2.9\tex\latex\amsfonts\amsfonts.sty"
Package: amsfonts 2013/01/14 v3.01 Basic AMSFonts support
\symAMSa=\mathgroup4
\symAMSb=\mathgroup5
LaTeX Font Info:    Overwriting math alphabet `\mathfrak' in version `bold'
(Font)                  U/euf/m/n --> U/euf/b/n on input line 106.
))
("C:\Program Files\MiKTeX 2.9\tex\latex\float\float.sty"
Package: float 2001/11/08 v1.3d Float enhancements (AL)
\c@float@type=\count104
\float@exts=\toks20
\float@box=\box28
\@float@everytoks=\toks21
\@floatcapt=\box29
)
("Internal-External Noise.aux"

LaTeX Warning: Label `fig:modelbased' multiply defined.


LaTeX Warning: Label `fig:modelbased' multiply defined.


LaTeX Warning: Label `fig:modelbased' multiply defined.

)
\openout1 = `"Internal-External Noise.aux"'.

LaTeX Font Info:    Checking defaults for OML/cmm/m/it on input line 55.
LaTeX Font Info:    ... okay on input line 55.
LaTeX Font Info:    Checking defaults for T1/cmr/m/n on input line 55.
LaTeX Font Info:    ... okay on input line 55.
LaTeX Font Info:    Checking defaults for OT1/cmr/m/n on input line 55.
LaTeX Font Info:    ... okay on input line 55.
LaTeX Font Info:    Checking defaults for OMS/cmsy/m/n on input line 55.
LaTeX Font Info:    ... okay on input line 55.
LaTeX Font Info:    Checking defaults for OMX/cmex/m/n on input line 55.
LaTeX Font Info:    ... okay on input line 55.
LaTeX Font Info:    Checking defaults for U/cmr/m/n on input line 55.
LaTeX Font Info:    ... okay on input line 55.
LaTeX Font Info:    Try loading font information for OT1+ptm on input line 55.
 ("C:\Program Files\MiKTeX 2.9\tex\latex\psnfss\ot1ptm.fd"
File: ot1ptm.fd 2001/06/04 font definitions for OT1/ptm.
)
("C:\Program Files\MiKTeX 2.9\tex\context\base\supp-pdf.mkii"
[Loading MPS to PDF converter (version 2006.09.02).]
\scratchcounter=\count105
\scratchdimen=\dimen121
\scratchbox=\box30
\nofMPsegments=\count106
\nofMParguments=\count107
\everyMPshowfont=\toks22
\MPscratchCnt=\count108
\MPscratchDim=\dimen122
\MPnumerator=\count109
\makeMPintoPDFobject=\count110
\everyMPtoPDFconversion=\toks23
) ("C:\Program Files\MiKTeX 2.9\tex\generic\oberdiek\pdftexcmds.sty"
Package: pdftexcmds 2016/05/21 v0.22 Utility functions of pdfTeX for LuaTeX (HO
)

("C:\Program Files\MiKTeX 2.9\tex\generic\oberdiek\ifluatex.sty"
Package: ifluatex 2016/05/16 v1.4 Provides the ifluatex switch (HO)
Package ifluatex Info: LuaTeX not detected.
)
("C:\Program Files\MiKTeX 2.9\tex\generic\oberdiek\ifpdf.sty"
Package: ifpdf 2016/05/14 v3.1 Provides the ifpdf switch
)
Package pdftexcmds Info: LuaTeX not detected.
Package pdftexcmds Info: \pdf@primitive is available.
Package pdftexcmds Info: \pdf@ifprimitive is available.
Package pdftexcmds Info: \pdfdraftmode found.
)
("C:\Program Files\MiKTeX 2.9\tex\latex\oberdiek\epstopdf-base.sty"
Package: epstopdf-base 2016/05/15 v2.6 Base part for package epstopdf

("C:\Program Files\MiKTeX 2.9\tex\latex\oberdiek\grfext.sty"
Package: grfext 2016/05/16 v1.2 Manage graphics extensions (HO)

("C:\Program Files\MiKTeX 2.9\tex\generic\oberdiek\kvdefinekeys.sty"
Package: kvdefinekeys 2016/05/16 v1.4 Define keys (HO)
))
("C:\Program Files\MiKTeX 2.9\tex\latex\oberdiek\kvoptions.sty"
Package: kvoptions 2016/05/16 v3.12 Key value format for package options (HO)

("C:\Program Files\MiKTeX 2.9\tex\generic\oberdiek\kvsetkeys.sty"
Package: kvsetkeys 2016/05/16 v1.17 Key value parser (HO)

("C:\Program Files\MiKTeX 2.9\tex\generic\oberdiek\etexcmds.sty"
Package: etexcmds 2016/05/16 v1.6 Avoid name clashes with e-TeX commands (HO)
Package etexcmds Info: Could not find \expanded.
(etexcmds)             That can mean that you are not using pdfTeX 1.50 or
(etexcmds)             that some package has redefined \expanded.
(etexcmds)             In the latter case, load this package earlier.
)))
Package grfext Info: Graphics extension search list:
(grfext)             [.png,.pdf,.jpg,.mps,.jpeg,.jbig2,.jb2,.PNG,.PDF,.JPG,.JPE
G,.JBIG2,.JB2,.eps]
(grfext)             \AppendGraphicsExtensions on input line 456.
)
Package caption Info: Begin \AtBeginDocument code.
Package caption Info: float package is loaded.
Package caption Info: End \AtBeginDocument code.
LaTeX Font Info:    Try loading font information for U+msa on input line 56.

("C:\Program Files\MiKTeX 2.9\tex\latex\amsfonts\umsa.fd"
File: umsa.fd 2013/01/14 v3.01 AMS symbols A
)
LaTeX Font Info:    Try loading font information for U+msb on input line 56.

("C:\Program Files\MiKTeX 2.9\tex\latex\amsfonts\umsb.fd"
File: umsb.fd 2013/01/14 v3.01 AMS symbols B
) [1

{C:/ProgramData/MiKTeX/2.9/pdftex/config/pdftex.map}]
LaTeX Font Info:    Font shape `OT1/ptm/bx/n' in size <10.95> not available
(Font)              Font shape `OT1/ptm/b/n' tried instead on input line 59.
Missing character: There is no ‚ in font ptmr7t!
Missing character: There is no Ä in font ptmr7t!
Missing character: There is no ú in font ptmr7t!
Missing character: There is no ‚ in font ptmr7t!
Missing character: There is no Ä in font ptmr7t!
Missing character: There is no ù in font ptmr7t!
Missing character: There is no ‚ in font ptmr7t!
Missing character: There is no Ä in font ptmr7t!
Missing character: There is no ú in font ptmr7t!
Missing character: There is no ‚ in font ptmr7t!
Missing character: There is no Ä in font ptmr7t!
Missing character: There is no ù in font ptmr7t!
 [2]
LaTeX Font Info:    Font shape `OT1/ptm/bx/n' in size <17.28> not available
(Font)              Font shape `OT1/ptm/b/n' tried instead on input line 65.
Missing character: There is no ‚ in font ptmr7t!
Missing character: There is no Ä in font ptmr7t!
Missing character: There is no ú in font ptmr7t!
Missing character: There is no ‚ in font ptmr7t!
Missing character: There is no Ä in font ptmr7t!
Missing character: There is no ù in font ptmr7t!
 [3]
LaTeX Font Info:    Font shape `OT1/ptm/bx/n' in size <14.4> not available
(Font)              Font shape `OT1/ptm/b/n' tried instead on input line 80.
LaTeX Font Info:    Font shape `OT1/ptm/bx/n' in size <12> not available
(Font)              Font shape `OT1/ptm/b/n' tried instead on input line 81.


LaTeX Warning: Reference `fig:task' on page 4 undefined on input line 81.

[4] <figures/task.PNG, id=16, 767.86874pt x 361.35pt>
File: figures/task.PNG Graphic file (type png)
 <use figures/task.PNG>
Package pdftex.def Info: figures/task.PNG used on input line 95.
(pdftex.def)             Requested size: 505.89pt x 238.0727pt.
LaTeX Font Info:    Try loading font information for OT1+phv on input line 96.

("C:\Program Files\MiKTeX 2.9\tex\latex\psnfss\ot1phv.fd"
File: ot1phv.fd 2001/06/04 scalable font definitions for OT1/phv.
) [5] [6 <./figures/task.PNG>] <figures/Modelfree.png, id=26, 1072.005pt x 336.
50719pt>
File: figures/Modelfree.png Graphic file (type png)

<use figures/Modelfree.png>
Package pdftex.def Info: figures/Modelfree.png used on input line 116.
(pdftex.def)             Requested size: 505.89pt x 158.80022pt.

<figures/modelfree_intext.png, id=27, 951.555pt x 404.26031pt>
File: figures/modelfree_intext.png Graphic file (type png)

<use figures/modelfree_intext.png>
Package pdftex.def Info: figures/modelfree_intext.png used on input line 126.
(pdftex.def)             Requested size: 505.89pt x 214.92314pt.
 [7 <./figures/Modelfree.png (PNG copy)>]
[8 <./figures/modelfree_intext.png (PNG copy)>]
Missing character: There is no ‚ in font ptmr7t!
Missing character: There is no Ä in font ptmr7t!
Missing character: There is no ô in font ptmr7t!
 [9]
<figures/bayes.png, id=44, 590.205pt x 472.01344pt>
File: figures/bayes.png Graphic file (type png)
 <use figures/bayes.png>
Package pdftex.def Info: figures/bayes.png used on input line 237.
(pdftex.def)             Requested size: 252.94499pt x 202.28479pt.

[10] <figures/bayesdist.png, id=48, 1070.49937pt x 554.82281pt>
File: figures/bayesdist.png Graphic file (type png)

<use figures/bayesdist.png>
Package pdftex.def Info: figures/bayesdist.png used on input line 245.
(pdftex.def)             Requested size: 252.94499pt x 131.09451pt.
 <figures/s1.png, id=49, 590.205pt x 472.01344pt>
File: figures/s1.png Graphic file (type png)

<use figures/s1.png>
Package pdftex.def Info: figures/s1.png used on input line 253.
(pdftex.def)             Requested size: 252.94499pt x 202.28479pt.
 [11 <./figures/bayes.png (PNG copy)> <./figures/bayesdist.png>] [12 <./figures
/s1.png (PNG copy)>]
Overfull \hbox (0.43048pt too wide) in paragraph at lines 269--271
[]\OT1/ptm/m/n/12 MORE GEN-ER-ALLY, OUT FIND-ING THAT IN-TER-NAL DOM-I-NATES BE
-HAV-IORAL VARI-ABIL-
 []


Underfull \hbox (badness 10000) in paragraph at lines 283--292

 []

[13] <figures/taskfig1.PNG, id=61, 428.35031pt x 204.01219pt>
File: figures/taskfig1.PNG Graphic file (type png)

<use figures/taskfig1.PNG>
Package pdftex.def Info: figures/taskfig1.PNG used on input line 311.
(pdftex.def)             Requested size: 505.89pt x 240.94397pt.
 [14 <./figures/taskfig1.PNG>] [15]

pdfTeX warning: pdflatex.exe (file ./figures/Figure3.pdf): PDF inclusion: found
 PDF version <1.7>, but at most version <1.5> allowed
<figures/Figure3.pdf, id=69, 963.6pt x 542.025pt>
File: figures/Figure3.pdf Graphic file (type pdf)
 <use figures/Figure3.pdf>
Package pdftex.def Info: figures/Figure3.pdf used on input line 391.
(pdftex.def)             Requested size: 505.89pt x 284.55911pt.

[16] ("Internal-External Noise.bbl"

LaTeX Warning: Empty `thebibliography' environment on input line 3.

) [17 <./figures/Figure3.pdf>] ("Internal-External Noise.aux")

LaTeX Warning: There were undefined references.


LaTeX Warning: There were multiply-defined labels.

 ) 
Here is how much of TeX's memory you used:
 3795 strings out of 493335
 55527 string characters out of 3139251
 119346 words of memory out of 3000000
 7246 multiletter control sequences out of 15000+200000
 29734 words of font info for 71 fonts, out of 3000000 for 9000
 1141 hyphenation exceptions out of 8191
 38i,16n,39p,1946b,424s stack positions out of 5000i,500n,10000p,200000b,50000s
{C:/Program Files/MiKTeX 2.9/fonts/enc/dvips/fontname/8r.enc}<C:/Program File
s/MiKTeX 2.9/fonts/type1/public/amsfonts/cm/cmmi10.pfb><C:/Program Files/MiKTeX
 2.9/fonts/type1/public/amsfonts/cm/cmmi12.pfb><C:/Program Files/MiKTeX 2.9/fon
ts/type1/public/amsfonts/cm/cmmi8.pfb><C:/Program Files/MiKTeX 2.9/fonts/type1/
public/amsfonts/cm/cmr10.pfb><C:/Program Files/MiKTeX 2.9/fonts/type1/public/am
sfonts/cm/cmr12.pfb><C:/Program Files/MiKTeX 2.9/fonts/type1/public/amsfonts/cm
/cmr8.pfb><C:/Program Files/MiKTeX 2.9/fonts/type1/public/amsfonts/cm/cmsy10.pf
b><C:/Program Files/MiKTeX 2.9/fonts/type1/urw/helvetic/uhvr8a.pfb><C:/Program 
Files/MiKTeX 2.9/fonts/type1/urw/times/utmb8a.pfb><C:/Program Files/MiKTeX 2.9/
fonts/type1/urw/times/utmr8a.pfb>
Output written on "Internal-External Noise.pdf" (17 pages, 570105 bytes).
PDF statistics:
 114 PDF objects out of 1000 (max. 8388607)
 0 named destinations out of 1000 (max. 500000)
 41 words of extra memory for PDF output out of 10000 (max. 10000000)

